-------------------------------------------------------------------------------
Test set: testMavenArtifactId.CarNewMavenTest
-------------------------------------------------------------------------------
Tests run: 2, Failures: 1, Errors: 0, Skipped: 0, Time elapsed: 0.035 s <<< FAILURE! - in testMavenArtifactId.CarNewMavenTest
testMake  Time elapsed: 0 s  <<< FAILURE!
org.opentest4j.AssertionFailedError: Expected vehicle make did not match actual vehicle make ==> expected: <Honda> but was: <Honda12>
	at testMavenArtifactId.CarNewMavenTest.testMake(CarNewMavenTest.java:16)

