<?xml version="1.0" encoding="UTF-8"?>
<testsuite xmlns:xsi="http://www.w3.org/2001/XMLSchema-instance" xsi:noNamespaceSchemaLocation="https://maven.apache.org/surefire/maven-surefire-plugin/xsd/surefire-test-report.xsd" name="testMavenArtifactId.CarNewMavenTest" time="0.035" tests="2" errors="0" skipped="0" failures="1">
  <properties>
[...]
</properties>
  <testcase name="testModel" classname="testMavenArtifactId.CarNewMavenTest" time="0.017"/>
  <testcase name="testMake" classname="testMavenArtifactId.CarNewMavenTest" time="0">
    <failure message="Expected vehicle make did not match actual vehicle make ==&gt; expected: &lt;Honda&gt; but was: &lt;Honda12&gt;" type="org.opentest4j.AssertionFailedError"><![CDATA[org.opentest4j.AssertionFailedError: Expected vehicle make did not match actual vehicle make ==> expected: <Honda> but was: <Honda12>
	at testMavenArtifactId.CarNewMavenTest.testMake(CarNewMavenTest.java:16)
]]></failure>
    <system-out><![CDATA[Vrooom Vroom!
Congratulations on your new Honda Civic!
Running Test 1!
]]></system-out>
  </testcase>
</testsuite>